2025-11-03 20:51:03,029 | INFO | Getting Coordinate For Zip: 27560
2025-11-03 20:51:03,030 | INFO | Getting Coordinate For Zip: 70068
2025-11-03 20:51:03,030 | INFO | Getting Coordinate For Zip: 11021
2025-11-03 20:51:03,030 | INFO | Getting Coordinate For Zip: 27103
2025-11-03 20:51:03,031 | INFO | Getting Coordinate For Zip: 45247
2025-11-03 20:51:03,032 | DEBUG | [Attempt 1] GET https://connect.werally.com/rest/geolocation/v1/location/70068 | Params: None | Data: None
2025-11-03 20:51:03,033 | DEBUG | [Attempt 1] GET https://connect.werally.com/rest/geolocation/v1/location/27560 | Params: None | Data: None
2025-11-03 20:51:03,034 | DEBUG | [Attempt 1] GET https://connect.werally.com/rest/geolocation/v1/location/11021 | Params: None | Data: None
2025-11-03 20:51:03,034 | DEBUG | [Attempt 1] GET https://connect.werally.com/rest/geolocation/v1/location/27103 | Params: None | Data: None
2025-11-03 20:51:03,034 | DEBUG | [Attempt 1] GET https://connect.werally.com/rest/geolocation/v1/location/45247 | Params: None | Data: None
2025-11-03 20:51:03,784 | DEBUG | [Success] GET https://connect.werally.com/rest/geolocation/v1/location/45247 | Status: 200
2025-11-03 20:51:03,784 | INFO | Searching Available Plans For State: OH
2025-11-03 20:51:03,785 | DEBUG | [Attempt 1] GET https://connect.werally.com/rest/guide/v1/guidedSearch/plan/765?language=en | Params: None | Data: None
2025-11-03 20:51:03,799 | DEBUG | [Success] GET https://connect.werally.com/rest/geolocation/v1/location/27560 | Status: 200
2025-11-03 20:51:03,800 | INFO | Searching Available Plans For State: NC
2025-11-03 20:51:03,800 | DEBUG | [Attempt 1] GET https://connect.werally.com/rest/guide/v1/guidedSearch/plan/359?language=en | Params: None | Data: None
2025-11-03 20:51:03,801 | DEBUG | [Success] GET https://connect.werally.com/rest/geolocation/v1/location/27103 | Status: 200
2025-11-03 20:51:03,801 | INFO | Searching Available Plans For State: NC
2025-11-03 20:51:03,802 | DEBUG | [Attempt 1] GET https://connect.werally.com/rest/guide/v1/guidedSearch/plan/359?language=en | Params: None | Data: None
2025-11-03 20:51:03,809 | DEBUG | [Success] GET https://connect.werally.com/rest/geolocation/v1/location/70068 | Status: 200
2025-11-03 20:51:03,809 | INFO | Searching Available Plans For State: LA
2025-11-03 20:51:03,810 | DEBUG | [Attempt 1] GET https://connect.werally.com/rest/guide/v1/guidedSearch/plan/369?language=en | Params: None | Data: None
2025-11-03 20:51:03,811 | DEBUG | [Success] GET https://connect.werally.com/rest/geolocation/v1/location/11021 | Status: 200
2025-11-03 20:51:03,811 | INFO | Searching Available Plans For State: NY
2025-11-03 20:51:03,812 | DEBUG | [Attempt 1] GET https://connect.werally.com/rest/guide/v1/guidedSearch/plan/69?language=en | Params: None | Data: None
2025-11-03 20:51:04,109 | DEBUG | [Success] GET https://connect.werally.com/rest/guide/v1/guidedSearch/plan/765?language=en | Status: 200
2025-11-03 20:51:04,109 | INFO | Processing To Search For Zip: 45247 | Plan Code: 923 | Search Term: 1083020564
2025-11-03 20:51:04,110 | DEBUG | [Attempt 1] GET https://connect.werally.com/rest/provider/v4/search/filtered | Params: {'accountPolicyNumber': '', 'autoIncreaseDistance': 'true', 'center': '-84.6418,39.2208', 'configuration': 'uhc.exchange', 'distanceMiles': 20, 'from': 0, 'includeAggregations': 'true', 'includeBehavioralCarePaths': 'true', 'includeBillingCodeCarePaths': 'true', 'includeOutOfNetwork': 'false', 'isEapFilterSuppressed': 'false', 'isMedicalVirtualCareSuppressed': 'false', 'isTelementalHealthSuppressed': 'false', 'nptV21Enabled': 'true', 'planTierLevel': 'standard', 'planVariation': '', 'planYear': '2026', 'products.medical': '923:923', 'searchType': 'areaOfExpertise,facilityServiceCode,person,place,specialtyCategory,hcbsService,hcbsWaiver,specialty,medicalGroup,commonCondition,providerWithoutLocationGroup,carePath,billingCode,dynamicNationalProvider', 'selectedLang': 'en', 'sort': 'score', 'splitAnpReferralTypes': 'true', 'state': 'OH', 'suppressCostEfficiencySort': 'false', 'suppressType': 'virtualVisit', 'term': '1083020564', 'timeZone': 'America%2FAnchorage', 'zipCode': '45247', 'userNetworkId': '923'} | Data: None
2025-11-03 20:51:04,137 | DEBUG | [Success] GET https://connect.werally.com/rest/guide/v1/guidedSearch/plan/359?language=en | Status: 200
2025-11-03 20:51:04,138 | INFO | Processing To Search For Zip: 27560 | Plan Code: 901 | Search Term: 1215371612
2025-11-03 20:51:04,138 | DEBUG | [Attempt 1] GET https://connect.werally.com/rest/provider/v4/search/filtered | Params: {'accountPolicyNumber': '', 'autoIncreaseDistance': 'true', 'center': '-78.8466,35.8344', 'configuration': 'uhc.exchange', 'distanceMiles': 20, 'from': 0, 'includeAggregations': 'true', 'includeBehavioralCarePaths': 'true', 'includeBillingCodeCarePaths': 'true', 'includeOutOfNetwork': 'false', 'isEapFilterSuppressed': 'false', 'isMedicalVirtualCareSuppressed': 'false', 'isTelementalHealthSuppressed': 'false', 'nptV21Enabled': 'true', 'planTierLevel': 'standard', 'planVariation': '', 'planYear': '2026', 'products.medical': '901:901', 'searchType': 'areaOfExpertise,facilityServiceCode,person,place,specialtyCategory,hcbsService,hcbsWaiver,specialty,medicalGroup,commonCondition,providerWithoutLocationGroup,carePath,billingCode,dynamicNationalProvider', 'selectedLang': 'en', 'sort': 'score', 'splitAnpReferralTypes': 'true', 'state': 'NC', 'suppressCostEfficiencySort': 'false', 'suppressType': 'virtualVisit', 'term': '1215371612', 'timeZone': 'America%2FJuneau', 'zipCode': '27560', 'userNetworkId': '901'} | Data: None
2025-11-03 20:51:04,139 | DEBUG | [Success] GET https://connect.werally.com/rest/guide/v1/guidedSearch/plan/359?language=en | Status: 200
2025-11-03 20:51:04,139 | INFO | Processing To Search For Zip: 27103 | Plan Code: 901 | Search Term: 1376593061
2025-11-03 20:51:04,140 | DEBUG | [Attempt 1] GET https://connect.werally.com/rest/provider/v4/search/filtered | Params: {'accountPolicyNumber': '', 'autoIncreaseDistance': 'true', 'center': '-80.3025,36.0671', 'configuration': 'uhc.exchange', 'distanceMiles': 20, 'from': 0, 'includeAggregations': 'true', 'includeBehavioralCarePaths': 'true', 'includeBillingCodeCarePaths': 'true', 'includeOutOfNetwork': 'false', 'isEapFilterSuppressed': 'false', 'isMedicalVirtualCareSuppressed': 'false', 'isTelementalHealthSuppressed': 'false', 'nptV21Enabled': 'true', 'planTierLevel': 'standard', 'planVariation': '', 'planYear': '2026', 'products.medical': '901:901', 'searchType': 'areaOfExpertise,facilityServiceCode,person,place,specialtyCategory,hcbsService,hcbsWaiver,specialty,medicalGroup,commonCondition,providerWithoutLocationGroup,carePath,billingCode,dynamicNationalProvider', 'selectedLang': 'en', 'sort': 'score', 'splitAnpReferralTypes': 'true', 'state': 'NC', 'suppressCostEfficiencySort': 'false', 'suppressType': 'virtualVisit', 'term': '1376593061', 'timeZone': 'America%2FJuneau', 'zipCode': '27103', 'userNetworkId': '901'} | Data: None
2025-11-03 20:51:04,161 | DEBUG | [Success] GET https://connect.werally.com/rest/guide/v1/guidedSearch/plan/69?language=en | Status: 200
2025-11-03 20:51:04,161 | INFO | Processing To Search For Zip: 11021 | Plan Code: 944 | Search Term: 1508860065
2025-11-03 20:51:04,162 | DEBUG | [Attempt 1] GET https://connect.werally.com/rest/provider/v4/search/filtered | Params: {'accountPolicyNumber': '', 'autoIncreaseDistance': 'true', 'center': '-73.727,40.7867', 'configuration': 'uhc.exchange', 'distanceMiles': 20, 'from': 0, 'includeAggregations': 'true', 'includeBehavioralCarePaths': 'true', 'includeBillingCodeCarePaths': 'true', 'includeOutOfNetwork': 'false', 'isEapFilterSuppressed': 'false', 'isMedicalVirtualCareSuppressed': 'false', 'isTelementalHealthSuppressed': 'false', 'nptV21Enabled': 'true', 'planTierLevel': 'standard', 'planVariation': '', 'planYear': '2026', 'products.medical': '944:944', 'searchType': 'areaOfExpertise,facilityServiceCode,person,place,specialtyCategory,hcbsService,hcbsWaiver,specialty,medicalGroup,commonCondition,providerWithoutLocationGroup,carePath,billingCode,dynamicNationalProvider', 'selectedLang': 'en', 'sort': 'score', 'splitAnpReferralTypes': 'true', 'state': 'NY', 'suppressCostEfficiencySort': 'false', 'suppressType': 'virtualVisit', 'term': '1508860065', 'timeZone': 'America%2FJuneau', 'zipCode': '11021', 'userNetworkId': '944'} | Data: None
2025-11-03 20:51:04,169 | DEBUG | [Success] GET https://connect.werally.com/rest/guide/v1/guidedSearch/plan/369?language=en | Status: 200
2025-11-03 20:51:04,169 | INFO | Processing To Search For Zip: 70068 | Plan Code: 909 | Search Term: 1619079647
2025-11-03 20:51:04,170 | DEBUG | [Attempt 1] GET https://connect.werally.com/rest/provider/v4/search/filtered | Params: {'accountPolicyNumber': '', 'autoIncreaseDistance': 'true', 'center': '-90.4895,30.0777', 'configuration': 'uhc.exchange', 'distanceMiles': 20, 'from': 0, 'includeAggregations': 'true', 'includeBehavioralCarePaths': 'true', 'includeBillingCodeCarePaths': 'true', 'includeOutOfNetwork': 'false', 'isEapFilterSuppressed': 'false', 'isMedicalVirtualCareSuppressed': 'false', 'isTelementalHealthSuppressed': 'false', 'nptV21Enabled': 'true', 'planTierLevel': 'standard', 'planVariation': '', 'planYear': '2026', 'products.medical': '909:909', 'searchType': 'areaOfExpertise,facilityServiceCode,person,place,specialtyCategory,hcbsService,hcbsWaiver,specialty,medicalGroup,commonCondition,providerWithoutLocationGroup,carePath,billingCode,dynamicNationalProvider', 'selectedLang': 'en', 'sort': 'score', 'splitAnpReferralTypes': 'true', 'state': 'LA', 'suppressCostEfficiencySort': 'false', 'suppressType': 'virtualVisit', 'term': '1619079647', 'timeZone': 'America%2FChicago', 'zipCode': '70068', 'userNetworkId': '909'} | Data: None
2025-11-03 20:51:04,590 | DEBUG | [Success] GET https://connect.werally.com/rest/provider/v4/search/filtered | Status: 200
2025-11-03 20:51:04,591 | DEBUG | [Success] GET https://connect.werally.com/rest/provider/v4/search/filtered | Status: 200
2025-11-03 20:51:04,594 | DEBUG | [Attempt 1] POST https://connect.werally.com/rest/provider/v3/partners/uhc.exchange/providerTypes/medicalGroup/providers/1997778?coverageType=medical&limitLocations=50&lon=-80.29317&lat=36.07821&searchRadius=20&planYear=2026&accountPolicyNumber=&planVariation=&planTierLevel=standard&timeZone=America%2FPhoenix&userNetworkId=901&planCode=901 | Params: None | Data: ['901']
2025-11-03 20:51:04,594 | DEBUG | [Attempt 1] POST https://connect.werally.com/rest/provider/v3/partners/uhc.exchange/providerTypes/person/providers/6476067?coverageType=medical&limitLocations=50&lon=-84.5550115053957&lat=39.33611329612224&searchRadius=20&planYear=2026&accountPolicyNumber=&planVariation=&planTierLevel=standard&timeZone=America%2FAdak&userNetworkId=923&planCode=923 | Params: None | Data: ['923']
2025-11-03 20:51:04,642 | DEBUG | [Success] GET https://connect.werally.com/rest/provider/v4/search/filtered | Status: 200
2025-11-03 20:51:04,645 | DEBUG | [Attempt 1] POST https://connect.werally.com/rest/provider/v3/partners/uhc.exchange/providerTypes/medicalGroup/providers/7741647?coverageType=medical&limitLocations=50&lon=-78.85475&lat=35.8627&searchRadius=20&planYear=2026&accountPolicyNumber=&planVariation=&planTierLevel=standard&timeZone=America%2FPhoenix&userNetworkId=901&planCode=901 | Params: None | Data: ['901']
2025-11-03 20:51:04,647 | DEBUG | [Success] GET https://connect.werally.com/rest/provider/v4/search/filtered | Status: 200
2025-11-03 20:51:04,648 | DEBUG | [Attempt 1] POST https://connect.werally.com/rest/provider/v3/partners/uhc.exchange/providerTypes/person/providers/2502142?coverageType=medical&limitLocations=50&lon=-73.71676&lat=40.78182&searchRadius=20&planYear=2026&accountPolicyNumber=&planVariation=&planTierLevel=standard&timeZone=America%2FChicago&userNetworkId=944&planCode=944 | Params: None | Data: ['944']
2025-11-03 20:51:04,943 | DEBUG | [Success] POST https://connect.werally.com/rest/provider/v3/partners/uhc.exchange/providerTypes/medicalGroup/providers/1997778?coverageType=medical&limitLocations=50&lon=-80.29317&lat=36.07821&searchRadius=20&planYear=2026&accountPolicyNumber=&planVariation=&planTierLevel=standard&timeZone=America%2FPhoenix&userNetworkId=901&planCode=901 | Status: 200
2025-11-03 20:51:04,956 | DEBUG | [Success] POST https://connect.werally.com/rest/provider/v3/partners/uhc.exchange/providerTypes/person/providers/6476067?coverageType=medical&limitLocations=50&lon=-84.5550115053957&lat=39.33611329612224&searchRadius=20&planYear=2026&accountPolicyNumber=&planVariation=&planTierLevel=standard&timeZone=America%2FAdak&userNetworkId=923&planCode=923 | Status: 200
2025-11-03 20:51:04,959 | DEBUG | [Success] GET https://connect.werally.com/rest/provider/v4/search/filtered | Status: 200
2025-11-03 20:51:04,960 | DEBUG | [Attempt 1] POST https://connect.werally.com/rest/provider/v3/partners/uhc.exchange/providerTypes/place/providers/2626379?coverageType=medical&limitLocations=50&lon=-90.52337&lat=30.07759&searchRadius=20&planYear=2026&accountPolicyNumber=&planVariation=&planTierLevel=standard&timeZone=America%2FAnchorage&userNetworkId=909&planCode=909 | Params: None | Data: ['909']
2025-11-03 20:51:05,108 | DEBUG | [Success] POST https://connect.werally.com/rest/provider/v3/partners/uhc.exchange/providerTypes/medicalGroup/providers/7741647?coverageType=medical&limitLocations=50&lon=-78.85475&lat=35.8627&searchRadius=20&planYear=2026&accountPolicyNumber=&planVariation=&planTierLevel=standard&timeZone=America%2FPhoenix&userNetworkId=901&planCode=901 | Status: 200
2025-11-03 20:51:05,409 | DEBUG | [Success] POST https://connect.werally.com/rest/provider/v3/partners/uhc.exchange/providerTypes/place/providers/2626379?coverageType=medical&limitLocations=50&lon=-90.52337&lat=30.07759&searchRadius=20&planYear=2026&accountPolicyNumber=&planVariation=&planTierLevel=standard&timeZone=America%2FAnchorage&userNetworkId=909&planCode=909 | Status: 200
2025-11-03 20:51:05,410 | DEBUG | [Success] POST https://connect.werally.com/rest/provider/v3/partners/uhc.exchange/providerTypes/person/providers/2502142?coverageType=medical&limitLocations=50&lon=-73.71676&lat=40.78182&searchRadius=20&planYear=2026&accountPolicyNumber=&planVariation=&planTierLevel=standard&timeZone=America%2FChicago&userNetworkId=944&planCode=944 | Status: 200
